TN:
SF:src/Funko/request.ts
FN:6,(anonymous_0)
FN:27,(anonymous_1)
FN:70,(anonymous_2)
FN:109,(anonymous_3)
FN:147,(anonymous_4)
FNF:5
FNH:5
FNDA:2,(anonymous_0)
FNDA:2,(anonymous_1)
FNDA:2,(anonymous_2)
FNDA:2,(anonymous_3)
FNDA:2,(anonymous_4)
DA:3,1
DA:4,1
DA:6,1
DA:8,2
DA:9,1
DA:10,1
DA:16,1
DA:18,1
DA:23,1
DA:27,1
DA:29,2
DA:30,1
DA:31,0
DA:36,0
DA:37,0
DA:39,1
DA:43,1
DA:44,0
DA:45,0
DA:51,0
DA:53,1
DA:58,1
DA:61,1
DA:66,1
DA:70,1
DA:72,2
DA:73,2
DA:74,2
DA:75,2
DA:80,2
DA:81,2
DA:83,0
DA:84,0
DA:89,0
DA:91,0
DA:92,0
DA:97,0
DA:100,0
DA:105,0
DA:109,1
DA:111,2
DA:112,1
DA:113,0
DA:118,0
DA:119,0
DA:122,1
DA:123,0
DA:128,0
DA:130,1
DA:135,1
DA:138,1
DA:143,1
DA:147,1
DA:149,2
DA:150,1
DA:151,0
DA:156,0
DA:157,0
DA:159,1
DA:162,1
DA:163,0
DA:164,0
DA:165,0
DA:170,0
DA:172,1
DA:177,1
DA:180,1
DA:185,1
LF:68
LH:42
BRDA:8,0,0,1
BRDA:8,0,1,1
BRDA:29,1,0,1
BRDA:29,1,1,1
BRDA:30,2,0,0
BRDA:30,2,1,1
BRDA:43,3,0,0
BRDA:43,3,1,1
BRDA:73,4,0,2
BRDA:73,4,1,0
BRDA:74,5,0,2
BRDA:74,5,1,0
BRDA:74,6,0,2
BRDA:74,6,1,2
BRDA:74,6,2,1
BRDA:74,6,3,1
BRDA:74,6,4,1
BRDA:74,6,5,1
BRDA:74,6,6,0
BRDA:74,6,7,0
BRDA:74,6,8,0
BRDA:74,6,9,0
BRDA:83,7,0,0
BRDA:83,7,1,0
BRDA:111,8,0,1
BRDA:111,8,1,1
BRDA:112,9,0,0
BRDA:112,9,1,1
BRDA:122,10,0,0
BRDA:122,10,1,1
BRDA:149,11,0,1
BRDA:149,11,1,1
BRDA:150,12,0,0
BRDA:150,12,1,1
BRDA:162,13,0,0
BRDA:162,13,1,1
BRF:36
BRH:22
end_of_record
TN:
SF:src/Funko/utilities.ts
FN:11,userExistOnBD
FN:12,(anonymous_1)
FN:26,listFunko
FN:28,(anonymous_3)
FN:31,(anonymous_4)
FN:45,findFunkoByID
FN:52,(anonymous_6)
FN:53,(anonymous_7)
FN:69,createJsonFunkoFile
FN:84,removeFunko
FN:89,(anonymous_10)
FN:90,(anonymous_11)
FNF:12
FNH:4
FNDA:0,userExistOnBD
FNDA:0,(anonymous_1)
FNDA:1,listFunko
FNDA:2,(anonymous_3)
FNDA:2,(anonymous_4)
FNDA:0,findFunkoByID
FNDA:0,(anonymous_6)
FNDA:0,(anonymous_7)
FNDA:0,createJsonFunkoFile
FNDA:1,removeFunko
FNDA:0,(anonymous_10)
FNDA:0,(anonymous_11)
DA:1,1
DA:3,1
DA:11,1
DA:12,0
DA:13,0
DA:14,0
DA:16,0
DA:26,1
DA:27,1
DA:28,2
DA:30,1
DA:31,1
DA:32,2
DA:33,2
DA:34,2
DA:36,1
DA:45,1
DA:46,0
DA:47,0
DA:52,0
DA:53,0
DA:54,0
DA:55,0
DA:57,0
DA:58,0
DA:61,0
DA:69,1
DA:70,0
DA:72,0
DA:74,0
DA:84,1
DA:85,1
DA:86,1
DA:88,1
DA:89,0
DA:90,0
DA:91,0
DA:92,0
DA:94,0
DA:96,0
DA:98,0
DA:102,0
DA:104,1
LF:43
LH:19
BRDA:13,0,0,0
BRDA:13,0,1,0
BRDA:57,1,0,0
BRDA:57,1,1,0
BRDA:88,2,0,0
BRDA:88,2,1,1
BRDA:94,3,0,0
BRDA:94,3,1,0
BRF:8
BRH:1
end_of_record
TN:
SF:src/Funko/utilities2.ts
FN:7,getIds
FN:8,(anonymous_1)
FN:11,(anonymous_2)
FN:26,checkValidCmd
FN:36,checkIds
FN:51,checkUserDirSync
FN:58,(anonymous_6)
FNF:7
FNH:7
FNDA:7,getIds
FNDA:14,(anonymous_1)
FNDA:14,(anonymous_2)
FNDA:8,checkValidCmd
FNDA:5,checkIds
FNDA:12,checkUserDirSync
FNDA:32,(anonymous_6)
DA:1,1
DA:7,1
DA:8,14
DA:9,7
DA:11,7
DA:12,14
DA:13,14
DA:15,14
DA:19,7
DA:26,1
DA:27,8
DA:28,4
DA:30,4
DA:36,1
DA:37,5
DA:39,10
DA:40,1
DA:43,4
DA:51,1
DA:54,12
DA:58,32
DA:60,12
LF:22
LH:22
BRDA:27,0,0,4
BRDA:27,0,1,4
BRDA:27,1,0,8
BRDA:27,1,1,7
BRDA:27,1,2,6
BRDA:27,1,3,5
BRDA:39,2,0,1
BRDA:39,2,1,9
BRDA:58,3,0,32
BRDA:58,3,1,7
BRF:10
BRH:10
end_of_record
